2020-12-02 11:00:16,991 INFO o.a.j.u.JMeterUtils: Setting Locale to en_EN
2020-12-02 11:00:17,021 INFO o.a.j.JMeter: Loading user properties from: /usr/local/Cellar/jmeter/5.2.1/libexec/bin/user.properties
2020-12-02 11:00:17,023 INFO o.a.j.JMeter: Loading system properties from: /usr/local/Cellar/jmeter/5.2.1/libexec/bin/system.properties
2020-12-02 11:00:17,026 INFO o.a.j.JMeter: Copyright (c) 1998-2019 The Apache Software Foundation
2020-12-02 11:00:17,026 INFO o.a.j.JMeter: Version 5.2.1
2020-12-02 11:00:17,026 INFO o.a.j.JMeter: java.version=1.8.0_261
2020-12-02 11:00:17,027 INFO o.a.j.JMeter: java.vm.name=Java HotSpot(TM) 64-Bit Server VM
2020-12-02 11:00:17,027 INFO o.a.j.JMeter: os.name=Mac OS X
2020-12-02 11:00:17,027 INFO o.a.j.JMeter: os.arch=x86_64
2020-12-02 11:00:17,027 INFO o.a.j.JMeter: os.version=10.15.6
2020-12-02 11:00:17,027 INFO o.a.j.JMeter: file.encoding=UTF-8
2020-12-02 11:00:17,027 INFO o.a.j.JMeter: java.awt.headless=true
2020-12-02 11:00:17,027 INFO o.a.j.JMeter: Max memory     =1073741824
2020-12-02 11:00:17,027 INFO o.a.j.JMeter: Available Processors =4
2020-12-02 11:00:17,032 INFO o.a.j.JMeter: Default Locale=English (EN)
2020-12-02 11:00:17,032 INFO o.a.j.JMeter: JMeter  Locale=English (EN)
2020-12-02 11:00:17,032 INFO o.a.j.JMeter: JMeterHome=/usr/local/Cellar/jmeter/5.2.1/libexec
2020-12-02 11:00:17,032 INFO o.a.j.JMeter: user.dir  =/Users/fendyridwan/Documents/LUMOSHIVE/Project/LINKIT/Stress_Test
2020-12-02 11:00:17,033 INFO o.a.j.JMeter: PWD       =/Users/fendyridwan/Documents/LUMOSHIVE/Project/LINKIT/Stress_Test
2020-12-02 11:00:17,103 INFO o.a.j.JMeter: IP: 192.168.43.132 Name: Potatos-Mac FullName: potatos-mac
2020-12-02 11:00:17,108 INFO o.a.j.JMeter: Setting property 'jmeter.reportgenerator.outputdir' to:'/Users/fendyridwan/Documents/LUMOSHIVE/Project/LINKIT/Stress_Test/resultslypee100'
2020-12-02 11:00:17,113 INFO o.a.j.s.FileServer: Default base='/Users/fendyridwan/Documents/LUMOSHIVE/Project/LINKIT/Stress_Test'
2020-12-02 11:00:17,117 INFO o.a.j.s.FileServer: Set new base='/Users/fendyridwan/Documents/LUMOSHIVE/Project/LINKIT'
2020-12-02 11:00:17,265 INFO o.a.j.s.SaveService: Testplan (JMX) version: 2.2. Testlog (JTL) version: 2.2
2020-12-02 11:00:17,281 INFO o.a.j.s.SaveService: Using SaveService properties file encoding UTF-8
2020-12-02 11:00:17,287 INFO o.a.j.s.SaveService: Using SaveService properties version 5.0
2020-12-02 11:00:17,295 INFO o.a.j.s.SaveService: Loading file: /Users/fendyridwan/Documents/LUMOSHIVE/Project/LINKIT/linkit.jmx
2020-12-02 11:00:17,345 INFO o.a.j.p.h.s.HTTPSamplerBase: Parser for text/html is org.apache.jmeter.protocol.http.parser.LagartoBasedHtmlParser
2020-12-02 11:00:17,345 INFO o.a.j.p.h.s.HTTPSamplerBase: Parser for application/xhtml+xml is org.apache.jmeter.protocol.http.parser.LagartoBasedHtmlParser
2020-12-02 11:00:17,345 INFO o.a.j.p.h.s.HTTPSamplerBase: Parser for application/xml is org.apache.jmeter.protocol.http.parser.LagartoBasedHtmlParser
2020-12-02 11:00:17,345 INFO o.a.j.p.h.s.HTTPSamplerBase: Parser for text/xml is org.apache.jmeter.protocol.http.parser.LagartoBasedHtmlParser
2020-12-02 11:00:17,346 INFO o.a.j.p.h.s.HTTPSamplerBase: Parser for text/vnd.wap.wml is org.apache.jmeter.protocol.http.parser.RegexpHTMLParser
2020-12-02 11:00:17,346 INFO o.a.j.p.h.s.HTTPSamplerBase: Parser for text/css is org.apache.jmeter.protocol.http.parser.CssParser
2020-12-02 11:00:17,383 INFO o.a.j.JMeter: Creating summariser <summary>
2020-12-02 11:00:17,390 INFO o.a.j.r.d.ReportGenerator: ReportGenerator will use for Parsing the separator: ','
2020-12-02 11:00:17,391 INFO o.a.j.r.d.ReportGenerator: Will generate report at end of test from  results file: /Users/fendyridwan/Documents/LUMOSHIVE/Project/LINKIT/Stress_Test/resultslypee100/resultslypee100.csv
2020-12-02 11:00:17,391 INFO o.a.j.r.d.ReportGenerator: Reading report generator properties from: /usr/local/Cellar/jmeter/5.2.1/libexec/bin/reportgenerator.properties
2020-12-02 11:00:17,393 INFO o.a.j.r.d.ReportGenerator: Merging with JMeter properties
2020-12-02 11:00:17,399 INFO o.a.j.r.c.ReportGeneratorConfiguration: Property 'jmeter.reportgenerator.temp_dir' not found, using default value 'temp' instead.
2020-12-02 11:00:17,404 INFO o.a.j.r.c.ReportGeneratorConfiguration: Property 'jmeter.reportgenerator.apdex_per_transaction' not found, using default value 'null' instead.
2020-12-02 11:00:17,404 INFO o.a.j.r.c.ReportGeneratorConfiguration: apdex_per_transaction is empty, not APDEX per transaction customization
2020-12-02 11:00:17,404 INFO o.a.j.r.c.ReportGeneratorConfiguration: Property 'jmeter.reportgenerator.sample_filter' not found, using default value 'null' instead.
2020-12-02 11:00:17,404 INFO o.a.j.r.c.ReportGeneratorConfiguration: Property 'jmeter.reportgenerator.report_title' not found, using default value 'null' instead.
2020-12-02 11:00:17,405 INFO o.a.j.r.c.ReportGeneratorConfiguration: Property 'jmeter.reportgenerator.start_date' not found, using default value 'null' instead.
2020-12-02 11:00:17,405 INFO o.a.j.r.c.ReportGeneratorConfiguration: Property 'jmeter.reportgenerator.end_date' not found, using default value 'null' instead.
2020-12-02 11:00:17,405 INFO o.a.j.r.c.ReportGeneratorConfiguration: Property 'jmeter.reportgenerator.date_format' not found, using default value 'null' instead.
2020-12-02 11:00:17,406 INFO o.a.j.r.c.ReportGeneratorConfiguration: Will use date range start date: null, end date: null
2020-12-02 11:00:17,413 INFO o.a.j.r.c.ReportGeneratorConfiguration: Property 'jmeter.reportgenerator.graph.totalTPS.exclude_controllers' not found, using default value 'false' instead.
2020-12-02 11:00:17,413 INFO o.a.j.r.c.ReportGeneratorConfiguration: Property 'jmeter.reportgenerator.graph.activeThreadsOverTime.exclude_controllers' not found, using default value 'false' instead.
2020-12-02 11:00:17,413 INFO o.a.j.r.c.ReportGeneratorConfiguration: Property 'jmeter.reportgenerator.graph.timeVsThreads.exclude_controllers' not found, using default value 'false' instead.
2020-12-02 11:00:17,413 INFO o.a.j.r.c.ReportGeneratorConfiguration: Property 'jmeter.reportgenerator.graph.responseTimeDistribution.exclude_controllers' not found, using default value 'false' instead.
2020-12-02 11:00:17,413 INFO o.a.j.r.c.ReportGeneratorConfiguration: Property 'jmeter.reportgenerator.graph.transactionsPerSecond.exclude_controllers' not found, using default value 'false' instead.
2020-12-02 11:00:17,414 INFO o.a.j.r.c.ReportGeneratorConfiguration: Property 'jmeter.reportgenerator.graph.responseTimePercentiles.exclude_controllers' not found, using default value 'false' instead.
2020-12-02 11:00:17,414 INFO o.a.j.r.c.ReportGeneratorConfiguration: Property 'jmeter.reportgenerator.graph.responseTimePercentilesOverTime.exclude_controllers' not found, using default value 'false' instead.
2020-12-02 11:00:17,414 INFO o.a.j.r.c.ReportGeneratorConfiguration: Property 'jmeter.reportgenerator.graph.responseTimesOverTime.exclude_controllers' not found, using default value 'false' instead.
2020-12-02 11:00:17,414 INFO o.a.j.r.c.ReportGeneratorConfiguration: Property 'jmeter.reportgenerator.graph.connectTimeOverTime.exclude_controllers' not found, using default value 'false' instead.
2020-12-02 11:00:17,415 INFO o.a.j.r.c.ReportGeneratorConfiguration: Property 'jmeter.reportgenerator.graph.latenciesOverTime.exclude_controllers' not found, using default value 'false' instead.
2020-12-02 11:00:17,416 INFO o.a.j.r.c.ReportGeneratorConfiguration: Property 'jmeter.reportgenerator.exporter.json.filters_only_sample_series' not found, using default value 'true' instead.
2020-12-02 11:00:17,416 INFO o.a.j.r.c.ReportGeneratorConfiguration: Property 'jmeter.reportgenerator.exporter.json.series_filter' not found, using default value '' instead.
2020-12-02 11:00:17,416 INFO o.a.j.r.c.ReportGeneratorConfiguration: Property 'jmeter.reportgenerator.exporter.json.show_controllers_only' not found, using default value 'false' instead.
2020-12-02 11:00:17,417 INFO o.a.j.r.c.ReportGeneratorConfiguration: Property 'jmeter.reportgenerator.exporter.html.filters_only_sample_series' not found, using default value 'true' instead.
2020-12-02 11:00:17,417 INFO o.a.j.r.c.ReportGeneratorConfiguration: Property 'jmeter.reportgenerator.exporter.html.series_filter' not found, using default value '' instead.
2020-12-02 11:00:17,417 INFO o.a.j.r.c.ReportGeneratorConfiguration: Property 'jmeter.reportgenerator.exporter.html.show_controllers_only' not found, using default value 'false' instead.
2020-12-02 11:00:17,425 INFO o.a.j.e.StandardJMeterEngine: Running the test!
2020-12-02 11:00:17,426 INFO o.a.j.s.SampleEvent: List of sample_variables: []
2020-12-02 11:00:17,426 INFO o.a.j.s.SampleEvent: List of sample_variables: []
2020-12-02 11:00:17,434 INFO o.a.j.e.u.CompoundVariable: Note: Function class names must contain the string: '.functions.'
2020-12-02 11:00:17,435 INFO o.a.j.e.u.CompoundVariable: Note: Function class names must not contain the string: '.gui.'
2020-12-02 11:00:17,862 INFO o.a.j.r.ResultCollector: Folder at /Users/fendyridwan/Documents/LUMOSHIVE/Project/LINKIT/Stress_Test/resultslypee100 was created
2020-12-02 11:00:17,879 INFO o.a.j.JMeter: Running test (1606881617879)
2020-12-02 11:00:17,918 INFO o.a.j.e.StandardJMeterEngine: Starting ThreadGroup: 1 : Thread Group
2020-12-02 11:00:17,918 INFO o.a.j.e.StandardJMeterEngine: Starting 100 threads for group Thread Group.
2020-12-02 11:00:17,918 INFO o.a.j.e.StandardJMeterEngine: Thread will continue on error
2020-12-02 11:00:17,918 INFO o.a.j.t.ThreadGroup: Starting thread group... number=1 threads=100 ramp-up=1 delayedStart=false
2020-12-02 11:00:17,925 INFO o.a.j.t.JMeterThread: Thread started: Thread Group 1-1
2020-12-02 11:00:17,932 INFO o.a.j.t.JMeterThread: Thread started: Thread Group 1-2
2020-12-02 11:00:17,945 INFO o.a.j.t.JMeterThread: Thread started: Thread Group 1-3
2020-12-02 11:00:17,952 INFO o.a.j.t.JMeterThread: Thread started: Thread Group 1-4
2020-12-02 11:00:17,965 INFO o.a.j.p.h.s.HTTPHCAbstractImpl: Local host = Potatos-Mac
2020-12-02 11:00:17,969 INFO o.a.j.t.JMeterThread: Thread started: Thread Group 1-6
2020-12-02 11:00:17,985 INFO o.a.j.t.JMeterThread: Thread started: Thread Group 1-5
2020-12-02 11:00:17,993 INFO o.a.j.p.h.s.HTTPHC4Impl: HTTP request retry count = 0
2020-12-02 11:00:17,999 INFO o.a.j.s.SampleResult: Note: Sample TimeStamps are START times
2020-12-02 11:00:17,999 INFO o.a.j.s.SampleResult: sampleresult.default.encoding is set to ISO-8859-1
2020-12-02 11:00:17,999 INFO o.a.j.s.SampleResult: sampleresult.useNanoTime=true
2020-12-02 11:00:17,999 INFO o.a.j.s.SampleResult: sampleresult.nanoThreadSleep=5000
2020-12-02 11:00:18,118 INFO o.a.j.t.JMeterThread: Thread started: Thread Group 1-8
2020-12-02 11:00:18,119 INFO o.a.j.t.JMeterThread: Thread started: Thread Group 1-9
2020-12-02 11:00:18,121 INFO o.a.j.t.JMeterThread: Thread started: Thread Group 1-10
2020-12-02 11:00:18,122 INFO o.a.j.t.JMeterThread: Thread started: Thread Group 1-11
2020-12-02 11:00:18,125 INFO o.a.j.t.JMeterThread: Thread started: Thread Group 1-12
2020-12-02 11:00:18,126 INFO o.a.j.t.JMeterThread: Thread started: Thread Group 1-13
2020-12-02 11:00:18,130 INFO o.a.j.t.JMeterThread: Thread started: Thread Group 1-14
2020-12-02 11:00:18,131 INFO o.a.j.t.JMeterThread: Thread started: Thread Group 1-15
2020-12-02 11:00:18,132 INFO o.a.j.t.JMeterThread: Thread started: Thread Group 1-16
2020-12-02 11:00:18,133 INFO o.a.j.t.JMeterThread: Thread started: Thread Group 1-17
2020-12-02 11:00:18,135 INFO o.a.j.t.JMeterThread: Thread started: Thread Group 1-18
2020-12-02 11:00:18,136 INFO o.a.j.t.JMeterThread: Thread started: Thread Group 1-19
2020-12-02 11:00:18,137 INFO o.a.j.t.JMeterThread: Thread started: Thread Group 1-20
2020-12-02 11:00:18,139 INFO o.a.j.t.JMeterThread: Thread started: Thread Group 1-21
2020-12-02 11:00:18,139 INFO o.a.j.t.JMeterThread: Thread started: Thread Group 1-7
2020-12-02 11:00:18,142 INFO o.a.j.t.JMeterThread: Thread started: Thread Group 1-22
2020-12-02 11:00:18,151 INFO o.a.j.t.JMeterThread: Thread started: Thread Group 1-23
2020-12-02 11:00:18,153 INFO o.a.j.t.JMeterThread: Thread started: Thread Group 1-24
2020-12-02 11:00:18,160 INFO o.a.j.t.JMeterThread: Thread started: Thread Group 1-25
2020-12-02 11:00:18,169 INFO o.a.j.t.JMeterThread: Thread started: Thread Group 1-26
2020-12-02 11:00:18,180 INFO o.a.j.t.JMeterThread: Thread started: Thread Group 1-27
2020-12-02 11:00:18,189 INFO o.a.j.t.JMeterThread: Thread started: Thread Group 1-28
2020-12-02 11:00:18,200 INFO o.a.j.t.JMeterThread: Thread started: Thread Group 1-29
2020-12-02 11:00:18,213 INFO o.a.j.t.JMeterThread: Thread started: Thread Group 1-30
2020-12-02 11:00:18,227 INFO o.a.j.t.JMeterThread: Thread started: Thread Group 1-31
2020-12-02 11:00:18,229 INFO o.a.j.t.JMeterThread: Thread started: Thread Group 1-32
2020-12-02 11:00:18,236 INFO o.a.j.t.ThreadGroup: Started thread group number 1
2020-12-02 11:00:18,237 INFO o.a.j.e.StandardJMeterEngine: All thread groups have been started
2020-12-02 11:00:18,245 INFO o.a.j.t.JMeterThread: Thread started: Thread Group 1-33
2020-12-02 11:00:18,252 INFO o.a.j.t.JMeterThread: Thread started: Thread Group 1-34
2020-12-02 11:00:18,259 INFO o.a.j.t.JMeterThread: Thread started: Thread Group 1-35
2020-12-02 11:00:18,273 INFO o.a.j.t.JMeterThread: Thread started: Thread Group 1-36
2020-12-02 11:00:18,285 INFO o.a.j.t.JMeterThread: Thread started: Thread Group 1-37
2020-12-02 11:00:18,290 INFO o.a.j.t.JMeterThread: Thread started: Thread Group 1-38
2020-12-02 11:00:18,304 INFO o.a.j.t.JMeterThread: Thread started: Thread Group 1-39
2020-12-02 11:00:18,313 INFO o.a.j.t.JMeterThread: Thread started: Thread Group 1-40
2020-12-02 11:00:18,323 INFO o.a.j.t.JMeterThread: Thread started: Thread Group 1-41
2020-12-02 11:00:18,333 INFO o.a.j.t.JMeterThread: Thread started: Thread Group 1-42
2020-12-02 11:00:18,344 INFO o.a.j.t.JMeterThread: Thread started: Thread Group 1-43
2020-12-02 11:00:18,349 INFO o.a.j.t.JMeterThread: Thread started: Thread Group 1-44
2020-12-02 11:00:18,359 INFO o.a.j.t.JMeterThread: Thread started: Thread Group 1-45
2020-12-02 11:00:18,373 INFO o.a.j.t.JMeterThread: Thread started: Thread Group 1-46
2020-12-02 11:00:18,384 INFO o.a.j.t.JMeterThread: Thread started: Thread Group 1-47
2020-12-02 11:00:18,391 INFO o.a.j.t.JMeterThread: Thread started: Thread Group 1-48
2020-12-02 11:00:18,399 INFO o.a.j.t.JMeterThread: Thread started: Thread Group 1-49
2020-12-02 11:00:18,412 INFO o.a.j.t.JMeterThread: Thread started: Thread Group 1-50
2020-12-02 11:00:18,423 INFO o.a.j.t.JMeterThread: Thread started: Thread Group 1-51
2020-12-02 11:00:18,429 INFO o.a.j.t.JMeterThread: Thread started: Thread Group 1-52
2020-12-02 11:00:18,439 INFO o.a.j.t.JMeterThread: Thread started: Thread Group 1-53
2020-12-02 11:00:18,454 INFO o.a.j.t.JMeterThread: Thread started: Thread Group 1-54
2020-12-02 11:00:18,461 INFO o.a.j.t.JMeterThread: Thread started: Thread Group 1-55
2020-12-02 11:00:18,473 INFO o.a.j.t.JMeterThread: Thread started: Thread Group 1-56
2020-12-02 11:00:18,482 INFO o.a.j.t.JMeterThread: Thread started: Thread Group 1-57
2020-12-02 11:00:18,492 INFO o.a.j.t.JMeterThread: Thread started: Thread Group 1-58
2020-12-02 11:00:18,501 INFO o.a.j.t.JMeterThread: Thread started: Thread Group 1-59
2020-12-02 11:00:18,509 INFO o.a.j.t.JMeterThread: Thread started: Thread Group 1-60
2020-12-02 11:00:18,524 INFO o.a.j.t.JMeterThread: Thread started: Thread Group 1-61
2020-12-02 11:00:18,533 INFO o.a.j.t.JMeterThread: Thread started: Thread Group 1-62
2020-12-02 11:00:18,541 INFO o.a.j.t.JMeterThread: Thread started: Thread Group 1-63
2020-12-02 11:00:18,550 INFO o.a.j.t.JMeterThread: Thread started: Thread Group 1-64
2020-12-02 11:00:18,562 INFO o.a.j.t.JMeterThread: Thread started: Thread Group 1-65
2020-12-02 11:00:18,572 INFO o.a.j.t.JMeterThread: Thread started: Thread Group 1-66
2020-12-02 11:00:18,582 INFO o.a.j.t.JMeterThread: Thread started: Thread Group 1-67
2020-12-02 11:00:18,592 INFO o.a.j.t.JMeterThread: Thread started: Thread Group 1-68
2020-12-02 11:00:18,599 INFO o.a.j.t.JMeterThread: Thread started: Thread Group 1-69
2020-12-02 11:00:18,613 INFO o.a.j.t.JMeterThread: Thread started: Thread Group 1-70
2020-12-02 11:00:18,620 INFO o.a.j.t.JMeterThread: Thread started: Thread Group 1-71
2020-12-02 11:00:18,633 INFO o.a.j.t.JMeterThread: Thread started: Thread Group 1-72
2020-12-02 11:00:18,638 INFO o.a.j.t.JMeterThread: Thread started: Thread Group 1-73
2020-12-02 11:00:18,653 INFO o.a.j.t.JMeterThread: Thread started: Thread Group 1-74
2020-12-02 11:00:18,660 INFO o.a.j.t.JMeterThread: Thread started: Thread Group 1-75
2020-12-02 11:00:18,673 INFO o.a.j.t.JMeterThread: Thread started: Thread Group 1-76
2020-12-02 11:00:18,684 INFO o.a.j.t.JMeterThread: Thread started: Thread Group 1-77
2020-12-02 11:00:18,693 INFO o.a.j.t.JMeterThread: Thread started: Thread Group 1-78
2020-12-02 11:00:18,701 INFO o.a.j.t.JMeterThread: Thread started: Thread Group 1-79
2020-12-02 11:00:18,710 INFO o.a.j.t.JMeterThread: Thread started: Thread Group 1-80
2020-12-02 11:00:18,723 INFO o.a.j.t.JMeterThread: Thread started: Thread Group 1-81
2020-12-02 11:00:18,730 INFO o.a.j.t.JMeterThread: Thread started: Thread Group 1-82
2020-12-02 11:00:18,740 INFO o.a.j.t.JMeterThread: Thread started: Thread Group 1-83
2020-12-02 11:00:18,754 INFO o.a.j.t.JMeterThread: Thread started: Thread Group 1-84
2020-12-02 11:00:18,763 INFO o.a.j.t.JMeterThread: Thread started: Thread Group 1-85
2020-12-02 11:00:18,773 INFO o.a.j.t.JMeterThread: Thread started: Thread Group 1-86
2020-12-02 11:00:18,781 INFO o.a.j.t.JMeterThread: Thread started: Thread Group 1-87
2020-12-02 11:00:18,790 INFO o.a.j.t.JMeterThread: Thread started: Thread Group 1-88
2020-12-02 11:00:18,800 INFO o.a.j.t.JMeterThread: Thread started: Thread Group 1-89
2020-12-02 11:00:18,813 INFO o.a.j.t.JMeterThread: Thread started: Thread Group 1-90
2020-12-02 11:00:18,824 INFO o.a.j.t.JMeterThread: Thread started: Thread Group 1-91
2020-12-02 11:00:18,839 INFO o.a.j.t.JMeterThread: Thread started: Thread Group 1-92
2020-12-02 11:00:18,841 INFO o.a.j.t.JMeterThread: Thread started: Thread Group 1-93
2020-12-02 11:00:18,852 INFO o.a.j.t.JMeterThread: Thread started: Thread Group 1-94
2020-12-02 11:00:18,861 INFO o.a.j.t.JMeterThread: Thread started: Thread Group 1-95
2020-12-02 11:00:18,869 INFO o.a.j.t.JMeterThread: Thread started: Thread Group 1-96
2020-12-02 11:00:18,882 INFO o.a.j.t.JMeterThread: Thread started: Thread Group 1-97
2020-12-02 11:00:18,889 INFO o.a.j.t.JMeterThread: Thread started: Thread Group 1-98
2020-12-02 11:00:18,899 INFO o.a.j.t.JMeterThread: Thread started: Thread Group 1-99
2020-12-02 11:00:18,910 INFO o.a.j.t.JMeterThread: Thread started: Thread Group 1-100
2020-12-02 11:00:19,819 INFO o.a.j.t.JMeterThread: Thread is done: Thread Group 1-53
2020-12-02 11:00:19,819 INFO o.a.j.t.JMeterThread: Thread finished: Thread Group 1-53
2020-12-02 11:00:19,844 INFO o.a.j.t.JMeterThread: Thread is done: Thread Group 1-58
2020-12-02 11:00:19,844 INFO o.a.j.t.JMeterThread: Thread finished: Thread Group 1-58
2020-12-02 11:00:19,849 INFO o.a.j.t.JMeterThread: Thread is done: Thread Group 1-55
2020-12-02 11:00:19,849 INFO o.a.j.t.JMeterThread: Thread finished: Thread Group 1-55
2020-12-02 11:00:19,869 INFO o.a.j.t.JMeterThread: Thread is done: Thread Group 1-72
2020-12-02 11:00:19,869 INFO o.a.j.t.JMeterThread: Thread is done: Thread Group 1-61
2020-12-02 11:00:19,869 INFO o.a.j.t.JMeterThread: Thread finished: Thread Group 1-72
2020-12-02 11:00:19,869 INFO o.a.j.t.JMeterThread: Thread finished: Thread Group 1-61
2020-12-02 11:00:19,869 INFO o.a.j.t.JMeterThread: Thread is done: Thread Group 1-31
2020-12-02 11:00:19,870 INFO o.a.j.t.JMeterThread: Thread is done: Thread Group 1-51
2020-12-02 11:00:19,870 INFO o.a.j.t.JMeterThread: Thread finished: Thread Group 1-51
2020-12-02 11:00:19,870 INFO o.a.j.t.JMeterThread: Thread finished: Thread Group 1-31
2020-12-02 11:00:19,871 INFO o.a.j.t.JMeterThread: Thread is done: Thread Group 1-35
2020-12-02 11:00:19,871 INFO o.a.j.t.JMeterThread: Thread finished: Thread Group 1-35
2020-12-02 11:00:19,872 INFO o.a.j.t.JMeterThread: Thread is done: Thread Group 1-26
2020-12-02 11:00:19,872 INFO o.a.j.t.JMeterThread: Thread finished: Thread Group 1-26
2020-12-02 11:00:19,872 INFO o.a.j.t.JMeterThread: Thread is done: Thread Group 1-29
2020-12-02 11:00:19,872 INFO o.a.j.t.JMeterThread: Thread finished: Thread Group 1-29
2020-12-02 11:00:19,887 INFO o.a.j.t.JMeterThread: Thread is done: Thread Group 1-3
2020-12-02 11:00:19,887 INFO o.a.j.t.JMeterThread: Thread is done: Thread Group 1-28
2020-12-02 11:00:19,888 INFO o.a.j.t.JMeterThread: Thread finished: Thread Group 1-3
2020-12-02 11:00:19,888 INFO o.a.j.t.JMeterThread: Thread finished: Thread Group 1-28
2020-12-02 11:00:19,889 INFO o.a.j.t.JMeterThread: Thread is done: Thread Group 1-42
2020-12-02 11:00:19,889 INFO o.a.j.t.JMeterThread: Thread finished: Thread Group 1-42
2020-12-02 11:00:19,893 INFO o.a.j.t.JMeterThread: Thread is done: Thread Group 1-25
2020-12-02 11:00:19,893 INFO o.a.j.t.JMeterThread: Thread is done: Thread Group 1-59
2020-12-02 11:00:19,893 INFO o.a.j.t.JMeterThread: Thread finished: Thread Group 1-59
2020-12-02 11:00:19,893 INFO o.a.j.t.JMeterThread: Thread finished: Thread Group 1-25
2020-12-02 11:00:19,905 INFO o.a.j.t.JMeterThread: Thread is done: Thread Group 1-60
2020-12-02 11:00:19,905 INFO o.a.j.t.JMeterThread: Thread finished: Thread Group 1-60
2020-12-02 11:00:19,915 INFO o.a.j.t.JMeterThread: Thread is done: Thread Group 1-62
2020-12-02 11:00:19,915 INFO o.a.j.t.JMeterThread: Thread is done: Thread Group 1-48
2020-12-02 11:00:19,915 INFO o.a.j.t.JMeterThread: Thread finished: Thread Group 1-62
2020-12-02 11:00:19,915 INFO o.a.j.t.JMeterThread: Thread finished: Thread Group 1-48
2020-12-02 11:00:19,915 INFO o.a.j.t.JMeterThread: Thread is done: Thread Group 1-52
2020-12-02 11:00:19,915 INFO o.a.j.t.JMeterThread: Thread is done: Thread Group 1-49
2020-12-02 11:00:19,916 INFO o.a.j.t.JMeterThread: Thread finished: Thread Group 1-52
2020-12-02 11:00:19,916 INFO o.a.j.t.JMeterThread: Thread finished: Thread Group 1-49
2020-12-02 11:00:19,930 INFO o.a.j.t.JMeterThread: Thread is done: Thread Group 1-54
2020-12-02 11:00:19,930 INFO o.a.j.t.JMeterThread: Thread finished: Thread Group 1-54
2020-12-02 11:00:19,992 INFO o.a.j.t.JMeterThread: Thread is done: Thread Group 1-1
2020-12-02 11:00:19,992 INFO o.a.j.t.JMeterThread: Thread finished: Thread Group 1-1
2020-12-02 11:00:19,997 INFO o.a.j.t.JMeterThread: Thread is done: Thread Group 1-50
2020-12-02 11:00:19,998 INFO o.a.j.t.JMeterThread: Thread finished: Thread Group 1-50
2020-12-02 11:00:20,001 INFO o.a.j.t.JMeterThread: Thread is done: Thread Group 1-67
2020-12-02 11:00:20,002 INFO o.a.j.t.JMeterThread: Thread finished: Thread Group 1-67
2020-12-02 11:00:20,051 INFO o.a.j.t.JMeterThread: Thread is done: Thread Group 1-21
2020-12-02 11:00:20,052 INFO o.a.j.t.JMeterThread: Thread finished: Thread Group 1-21
2020-12-02 11:00:20,064 INFO o.a.j.t.JMeterThread: Thread is done: Thread Group 1-7
2020-12-02 11:00:20,064 INFO o.a.j.t.JMeterThread: Thread finished: Thread Group 1-7
2020-12-02 11:00:20,208 INFO o.a.j.t.JMeterThread: Thread is done: Thread Group 1-19
2020-12-02 11:00:20,209 INFO o.a.j.t.JMeterThread: Thread finished: Thread Group 1-19
2020-12-02 11:00:20,237 INFO o.a.j.t.JMeterThread: Thread is done: Thread Group 1-63
2020-12-02 11:00:20,237 INFO o.a.j.t.JMeterThread: Thread finished: Thread Group 1-63
2020-12-02 11:00:20,296 INFO o.a.j.t.JMeterThread: Thread is done: Thread Group 1-37
2020-12-02 11:00:20,296 INFO o.a.j.t.JMeterThread: Thread finished: Thread Group 1-37
2020-12-02 11:00:20,326 INFO o.a.j.t.JMeterThread: Thread is done: Thread Group 1-34
2020-12-02 11:00:20,326 INFO o.a.j.t.JMeterThread: Thread finished: Thread Group 1-34
2020-12-02 11:00:20,359 INFO o.a.j.t.JMeterThread: Thread is done: Thread Group 1-65
2020-12-02 11:00:20,360 INFO o.a.j.t.JMeterThread: Thread finished: Thread Group 1-65
2020-12-02 11:00:20,360 INFO o.a.j.t.JMeterThread: Thread is done: Thread Group 1-2
2020-12-02 11:00:20,360 INFO o.a.j.t.JMeterThread: Thread finished: Thread Group 1-2
2020-12-02 11:00:20,434 INFO o.a.j.t.JMeterThread: Thread is done: Thread Group 1-57
2020-12-02 11:00:20,434 INFO o.a.j.t.JMeterThread: Thread finished: Thread Group 1-57
2020-12-02 11:00:20,501 INFO o.a.j.t.JMeterThread: Thread is done: Thread Group 1-70
2020-12-02 11:00:20,502 INFO o.a.j.t.JMeterThread: Thread finished: Thread Group 1-70
2020-12-02 11:00:20,558 INFO o.a.j.t.JMeterThread: Thread is done: Thread Group 1-74
2020-12-02 11:00:20,559 INFO o.a.j.t.JMeterThread: Thread finished: Thread Group 1-74
2020-12-02 11:00:20,953 INFO o.a.j.t.JMeterThread: Thread is done: Thread Group 1-43
2020-12-02 11:00:20,953 INFO o.a.j.t.JMeterThread: Thread is done: Thread Group 1-12
2020-12-02 11:00:20,953 INFO o.a.j.t.JMeterThread: Thread finished: Thread Group 1-43
2020-12-02 11:00:20,953 INFO o.a.j.t.JMeterThread: Thread finished: Thread Group 1-12
2020-12-02 11:00:20,975 INFO o.a.j.t.JMeterThread: Thread is done: Thread Group 1-6
2020-12-02 11:00:20,975 INFO o.a.j.t.JMeterThread: Thread finished: Thread Group 1-6
2020-12-02 11:00:21,012 INFO o.a.j.t.JMeterThread: Thread is done: Thread Group 1-64
2020-12-02 11:00:21,013 INFO o.a.j.t.JMeterThread: Thread finished: Thread Group 1-64
2020-12-02 11:00:21,051 INFO o.a.j.t.JMeterThread: Thread is done: Thread Group 1-8
2020-12-02 11:00:21,052 INFO o.a.j.t.JMeterThread: Thread finished: Thread Group 1-8
2020-12-02 11:00:21,055 INFO o.a.j.t.JMeterThread: Thread is done: Thread Group 1-44
2020-12-02 11:00:21,055 INFO o.a.j.t.JMeterThread: Thread finished: Thread Group 1-44
2020-12-02 11:00:21,079 INFO o.a.j.t.JMeterThread: Thread is done: Thread Group 1-71
2020-12-02 11:00:21,080 INFO o.a.j.t.JMeterThread: Thread finished: Thread Group 1-71
2020-12-02 11:00:21,094 INFO o.a.j.t.JMeterThread: Thread is done: Thread Group 1-16
2020-12-02 11:00:21,094 INFO o.a.j.t.JMeterThread: Thread finished: Thread Group 1-16
2020-12-02 11:00:21,119 INFO o.a.j.t.JMeterThread: Thread is done: Thread Group 1-18
2020-12-02 11:00:21,120 INFO o.a.j.t.JMeterThread: Thread finished: Thread Group 1-18
2020-12-02 11:00:21,259 INFO o.a.j.t.JMeterThread: Thread is done: Thread Group 1-15
2020-12-02 11:00:21,259 INFO o.a.j.t.JMeterThread: Thread finished: Thread Group 1-15
2020-12-02 11:00:21,334 INFO o.a.j.t.JMeterThread: Thread is done: Thread Group 1-39
2020-12-02 11:00:21,334 INFO o.a.j.t.JMeterThread: Thread finished: Thread Group 1-39
2020-12-02 11:00:21,406 INFO o.a.j.t.JMeterThread: Thread is done: Thread Group 1-73
2020-12-02 11:00:21,406 INFO o.a.j.t.JMeterThread: Thread finished: Thread Group 1-73
2020-12-02 11:00:21,407 INFO o.a.j.t.JMeterThread: Thread is done: Thread Group 1-80
2020-12-02 11:00:21,407 INFO o.a.j.t.JMeterThread: Thread finished: Thread Group 1-80
2020-12-02 11:00:21,409 INFO o.a.j.t.JMeterThread: Thread is done: Thread Group 1-27
2020-12-02 11:00:21,409 INFO o.a.j.t.JMeterThread: Thread finished: Thread Group 1-27
2020-12-02 11:00:21,413 INFO o.a.j.t.JMeterThread: Thread is done: Thread Group 1-5
2020-12-02 11:00:21,413 INFO o.a.j.t.JMeterThread: Thread finished: Thread Group 1-5
2020-12-02 11:00:21,424 INFO o.a.j.t.JMeterThread: Thread is done: Thread Group 1-47
2020-12-02 11:00:21,424 INFO o.a.j.t.JMeterThread: Thread finished: Thread Group 1-47
2020-12-02 11:00:21,426 INFO o.a.j.t.JMeterThread: Thread is done: Thread Group 1-68
2020-12-02 11:00:21,427 INFO o.a.j.t.JMeterThread: Thread finished: Thread Group 1-68
2020-12-02 11:00:21,443 INFO o.a.j.t.JMeterThread: Thread is done: Thread Group 1-56
2020-12-02 11:00:21,443 INFO o.a.j.t.JMeterThread: Thread finished: Thread Group 1-56
2020-12-02 11:00:21,451 INFO o.a.j.t.JMeterThread: Thread is done: Thread Group 1-10
2020-12-02 11:00:21,451 INFO o.a.j.t.JMeterThread: Thread finished: Thread Group 1-10
2020-12-02 11:00:21,454 INFO o.a.j.t.JMeterThread: Thread is done: Thread Group 1-4
2020-12-02 11:00:21,454 INFO o.a.j.t.JMeterThread: Thread finished: Thread Group 1-4
2020-12-02 11:00:21,458 INFO o.a.j.t.JMeterThread: Thread is done: Thread Group 1-20
2020-12-02 11:00:21,458 INFO o.a.j.t.JMeterThread: Thread is done: Thread Group 1-24
2020-12-02 11:00:21,459 INFO o.a.j.t.JMeterThread: Thread finished: Thread Group 1-24
2020-12-02 11:00:21,458 INFO o.a.j.t.JMeterThread: Thread finished: Thread Group 1-20
2020-12-02 11:00:21,459 INFO o.a.j.t.JMeterThread: Thread is done: Thread Group 1-69
2020-12-02 11:00:21,460 INFO o.a.j.t.JMeterThread: Thread finished: Thread Group 1-69
2020-12-02 11:00:21,466 INFO o.a.j.t.JMeterThread: Thread is done: Thread Group 1-41
2020-12-02 11:00:21,466 INFO o.a.j.t.JMeterThread: Thread finished: Thread Group 1-41
2020-12-02 11:00:21,468 INFO o.a.j.t.JMeterThread: Thread is done: Thread Group 1-11
2020-12-02 11:00:21,468 INFO o.a.j.t.JMeterThread: Thread finished: Thread Group 1-11
2020-12-02 11:00:21,469 INFO o.a.j.t.JMeterThread: Thread is done: Thread Group 1-9
2020-12-02 11:00:21,470 INFO o.a.j.t.JMeterThread: Thread finished: Thread Group 1-9
2020-12-02 11:00:21,476 INFO o.a.j.t.JMeterThread: Thread is done: Thread Group 1-45
2020-12-02 11:00:21,477 INFO o.a.j.t.JMeterThread: Thread finished: Thread Group 1-45
2020-12-02 11:00:21,477 INFO o.a.j.t.JMeterThread: Thread is done: Thread Group 1-30
2020-12-02 11:00:21,477 INFO o.a.j.t.JMeterThread: Thread finished: Thread Group 1-30
2020-12-02 11:00:21,481 INFO o.a.j.t.JMeterThread: Thread is done: Thread Group 1-32
2020-12-02 11:00:21,481 INFO o.a.j.t.JMeterThread: Thread finished: Thread Group 1-32
2020-12-02 11:00:21,482 INFO o.a.j.t.JMeterThread: Thread is done: Thread Group 1-66
2020-12-02 11:00:21,482 INFO o.a.j.t.JMeterThread: Thread finished: Thread Group 1-66
2020-12-02 11:00:21,503 INFO o.a.j.t.JMeterThread: Thread is done: Thread Group 1-14
2020-12-02 11:00:21,503 INFO o.a.j.t.JMeterThread: Thread finished: Thread Group 1-14
2020-12-02 11:00:21,517 INFO o.a.j.t.JMeterThread: Thread is done: Thread Group 1-17
2020-12-02 11:00:21,517 INFO o.a.j.t.JMeterThread: Thread is done: Thread Group 1-78
2020-12-02 11:00:21,517 INFO o.a.j.t.JMeterThread: Thread finished: Thread Group 1-78
2020-12-02 11:00:21,517 INFO o.a.j.t.JMeterThread: Thread finished: Thread Group 1-17
2020-12-02 11:00:21,573 INFO o.a.j.t.JMeterThread: Thread is done: Thread Group 1-40
2020-12-02 11:00:21,573 INFO o.a.j.t.JMeterThread: Thread finished: Thread Group 1-40
2020-12-02 11:00:21,653 INFO o.a.j.t.JMeterThread: Thread is done: Thread Group 1-46
2020-12-02 11:00:21,653 INFO o.a.j.t.JMeterThread: Thread finished: Thread Group 1-46
2020-12-02 11:00:21,677 INFO o.a.j.t.JMeterThread: Thread is done: Thread Group 1-38
2020-12-02 11:00:21,677 INFO o.a.j.t.JMeterThread: Thread finished: Thread Group 1-38
2020-12-02 11:00:21,681 INFO o.a.j.t.JMeterThread: Thread is done: Thread Group 1-13
2020-12-02 11:00:21,681 INFO o.a.j.t.JMeterThread: Thread finished: Thread Group 1-13
2020-12-02 11:00:21,685 INFO o.a.j.t.JMeterThread: Thread is done: Thread Group 1-83
2020-12-02 11:00:21,685 INFO o.a.j.t.JMeterThread: Thread finished: Thread Group 1-83
2020-12-02 11:00:21,685 INFO o.a.j.t.JMeterThread: Thread is done: Thread Group 1-79
2020-12-02 11:00:21,685 INFO o.a.j.t.JMeterThread: Thread finished: Thread Group 1-79
2020-12-02 11:00:21,686 INFO o.a.j.t.JMeterThread: Thread is done: Thread Group 1-22
2020-12-02 11:00:21,686 INFO o.a.j.t.JMeterThread: Thread finished: Thread Group 1-22
2020-12-02 11:00:21,838 INFO o.a.j.t.JMeterThread: Thread is done: Thread Group 1-81
2020-12-02 11:00:21,838 INFO o.a.j.t.JMeterThread: Thread finished: Thread Group 1-81
2020-12-02 11:00:21,844 INFO o.a.j.t.JMeterThread: Thread is done: Thread Group 1-36
2020-12-02 11:00:21,844 INFO o.a.j.t.JMeterThread: Thread is done: Thread Group 1-82
2020-12-02 11:00:21,845 INFO o.a.j.t.JMeterThread: Thread finished: Thread Group 1-82
2020-12-02 11:00:21,845 INFO o.a.j.t.JMeterThread: Thread finished: Thread Group 1-36
2020-12-02 11:00:21,924 INFO o.a.j.t.JMeterThread: Thread is done: Thread Group 1-23
2020-12-02 11:00:21,924 INFO o.a.j.t.JMeterThread: Thread finished: Thread Group 1-23
2020-12-02 11:00:21,930 INFO o.a.j.t.JMeterThread: Thread is done: Thread Group 1-77
2020-12-02 11:00:21,930 INFO o.a.j.t.JMeterThread: Thread is done: Thread Group 1-84
2020-12-02 11:00:21,930 INFO o.a.j.t.JMeterThread: Thread finished: Thread Group 1-77
2020-12-02 11:00:21,930 INFO o.a.j.t.JMeterThread: Thread finished: Thread Group 1-84
2020-12-02 11:00:21,930 INFO o.a.j.t.JMeterThread: Thread is done: Thread Group 1-76
2020-12-02 11:00:21,931 INFO o.a.j.t.JMeterThread: Thread finished: Thread Group 1-76
2020-12-02 11:00:21,942 INFO o.a.j.t.JMeterThread: Thread is done: Thread Group 1-75
2020-12-02 11:00:21,942 INFO o.a.j.t.JMeterThread: Thread finished: Thread Group 1-75
2020-12-02 11:00:21,978 INFO o.a.j.t.JMeterThread: Thread is done: Thread Group 1-33
2020-12-02 11:00:21,978 INFO o.a.j.t.JMeterThread: Thread finished: Thread Group 1-33
2020-12-02 11:00:21,985 INFO o.a.j.t.JMeterThread: Thread is done: Thread Group 1-90
2020-12-02 11:00:21,985 INFO o.a.j.t.JMeterThread: Thread finished: Thread Group 1-90
2020-12-02 11:00:21,992 INFO o.a.j.t.JMeterThread: Thread is done: Thread Group 1-86
2020-12-02 11:00:21,993 INFO o.a.j.t.JMeterThread: Thread finished: Thread Group 1-86
2020-12-02 11:00:21,996 INFO o.a.j.t.JMeterThread: Thread is done: Thread Group 1-87
2020-12-02 11:00:21,996 INFO o.a.j.t.JMeterThread: Thread finished: Thread Group 1-87
2020-12-02 11:00:22,011 INFO o.a.j.t.JMeterThread: Thread is done: Thread Group 1-85
2020-12-02 11:00:22,011 INFO o.a.j.t.JMeterThread: Thread finished: Thread Group 1-85
2020-12-02 11:00:22,013 INFO o.a.j.t.JMeterThread: Thread is done: Thread Group 1-88
2020-12-02 11:00:22,013 INFO o.a.j.t.JMeterThread: Thread finished: Thread Group 1-88
2020-12-02 11:00:22,016 INFO o.a.j.t.JMeterThread: Thread is done: Thread Group 1-91
2020-12-02 11:00:22,016 INFO o.a.j.t.JMeterThread: Thread finished: Thread Group 1-91
2020-12-02 11:00:22,020 INFO o.a.j.t.JMeterThread: Thread is done: Thread Group 1-89
2020-12-02 11:00:22,020 INFO o.a.j.t.JMeterThread: Thread finished: Thread Group 1-89
2020-12-02 11:00:22,041 INFO o.a.j.t.JMeterThread: Thread is done: Thread Group 1-92
2020-12-02 11:00:22,041 INFO o.a.j.t.JMeterThread: Thread finished: Thread Group 1-92
2020-12-02 11:00:22,049 INFO o.a.j.t.JMeterThread: Thread is done: Thread Group 1-93
2020-12-02 11:00:22,049 INFO o.a.j.t.JMeterThread: Thread finished: Thread Group 1-93
2020-12-02 11:00:22,058 INFO o.a.j.t.JMeterThread: Thread is done: Thread Group 1-94
2020-12-02 11:00:22,058 INFO o.a.j.t.JMeterThread: Thread finished: Thread Group 1-94
2020-12-02 11:00:22,162 INFO o.a.j.t.JMeterThread: Thread is done: Thread Group 1-95
2020-12-02 11:00:22,162 INFO o.a.j.t.JMeterThread: Thread finished: Thread Group 1-95
2020-12-02 11:00:22,200 INFO o.a.j.t.JMeterThread: Thread is done: Thread Group 1-96
2020-12-02 11:00:22,200 INFO o.a.j.t.JMeterThread: Thread finished: Thread Group 1-96
2020-12-02 11:00:22,235 INFO o.a.j.t.JMeterThread: Thread is done: Thread Group 1-97
2020-12-02 11:00:22,235 INFO o.a.j.t.JMeterThread: Thread finished: Thread Group 1-97
2020-12-02 11:00:22,246 INFO o.a.j.t.JMeterThread: Thread is done: Thread Group 1-98
2020-12-02 11:00:22,247 INFO o.a.j.t.JMeterThread: Thread finished: Thread Group 1-98
2020-12-02 11:00:22,270 INFO o.a.j.t.JMeterThread: Thread is done: Thread Group 1-100
2020-12-02 11:00:22,271 INFO o.a.j.t.JMeterThread: Thread finished: Thread Group 1-100
2020-12-02 11:00:22,272 INFO o.a.j.t.JMeterThread: Thread is done: Thread Group 1-99
2020-12-02 11:00:22,272 INFO o.a.j.t.JMeterThread: Thread finished: Thread Group 1-99
2020-12-02 11:00:22,272 INFO o.a.j.e.StandardJMeterEngine: Notifying test listeners of end of test
2020-12-02 11:00:22,275 INFO o.a.j.r.Summariser: summary =    100 in 00:00:04 =   22.8/s Avg:  2607 Min:  1233 Max:  3731 Err:     0 (0.00%)
2020-12-02 11:00:22,276 INFO o.a.j.JMeter: Generating Dashboard
2020-12-02 11:00:22,276 INFO o.a.j.r.d.ReportGenerator: Flushing result collector before report Generation
2020-12-02 11:00:22,290 INFO o.a.j.r.p.NormalizerSampleConsumer: Using format, 'ms', to parse timeStamp field
2020-12-02 11:00:22,439 INFO o.a.j.r.p.AbstractSampleConsumer: class org.apache.jmeter.report.processor.AggregateConsumer#stopProducing(): beginDate produced 0 samples
2020-12-02 11:00:22,440 INFO o.a.j.r.p.AbstractSampleConsumer: class org.apache.jmeter.report.processor.AggregateConsumer#stopProducing(): endDate produced 0 samples
2020-12-02 11:00:22,444 INFO o.a.j.r.p.AbstractSampleConsumer: class org.apache.jmeter.report.processor.ApdexSummaryConsumer#stopProducing(): apdexSummary produced 0 samples
2020-12-02 11:00:22,444 INFO o.a.j.r.p.AbstractSampleConsumer: class org.apache.jmeter.report.processor.RequestsSummaryConsumer#stopProducing(): requestsSummary produced 0 samples
2020-12-02 11:00:22,451 INFO o.a.j.r.p.AbstractSampleConsumer: class org.apache.jmeter.report.processor.StatisticsSummaryConsumer#stopProducing(): statisticsSummary produced 0 samples
2020-12-02 11:00:22,460 INFO o.a.j.r.p.AbstractSampleConsumer: class org.apache.jmeter.report.processor.Top5ErrorsBySamplerConsumer#stopProducing(): top5ErrorsBySampler produced 0 samples
2020-12-02 11:00:22,460 INFO o.a.j.r.p.AbstractSampleConsumer: class org.apache.jmeter.report.processor.ErrorsSummaryConsumer#stopProducing(): errorsSummary produced 0 samples
2020-12-02 11:00:22,460 INFO o.a.j.r.p.AbstractSampleConsumer: class org.apache.jmeter.report.processor.graph.impl.HitsPerSecondGraphConsumer#stopProducing(): hitsPerSecond produced 0 samples
2020-12-02 11:00:22,479 INFO o.a.j.r.p.AbstractSampleConsumer: class org.apache.jmeter.report.processor.graph.impl.LatencyVSRequestGraphConsumer#stopProducing(): latencyVsRequest produced 0 samples
2020-12-02 11:00:22,479 INFO o.a.j.r.p.AbstractSampleConsumer: class org.apache.jmeter.report.processor.graph.impl.SyntheticResponseTimeDistributionGraphConsumer#stopProducing(): syntheticResponseTimeDistribution produced 0 samples
2020-12-02 11:00:22,480 INFO o.a.j.r.p.AbstractSampleConsumer: class org.apache.jmeter.report.processor.graph.impl.BytesThroughputGraphConsumer#stopProducing(): bytesThroughputOverTime produced 0 samples
2020-12-02 11:00:22,480 INFO o.a.j.r.p.AbstractSampleConsumer: class org.apache.jmeter.report.processor.graph.impl.CodesPerSecondGraphConsumer#stopProducing(): codesPerSecond produced 0 samples
2020-12-02 11:00:22,487 INFO o.a.j.r.p.AbstractSampleConsumer: class org.apache.jmeter.report.processor.graph.impl.ResponseTimeVSRequestGraphConsumer#stopProducing(): responseTimeVsRequest produced 0 samples
2020-12-02 11:00:22,488 INFO o.a.j.r.p.AbstractSampleConsumer: class org.apache.jmeter.report.processor.FilterConsumer#stopProducing(): startIntervalControlerFilter produced 700 samples
2020-12-02 11:00:22,488 INFO o.a.j.r.p.AbstractSampleConsumer: class org.apache.jmeter.report.processor.graph.impl.TotalTPSGraphConsumer#stopProducing(): totalTPS produced 0 samples
2020-12-02 11:00:22,488 INFO o.a.j.r.p.AbstractSampleConsumer: class org.apache.jmeter.report.processor.graph.impl.ActiveThreadsGraphConsumer#stopProducing(): activeThreadsOverTime produced 0 samples
2020-12-02 11:00:22,488 INFO o.a.j.r.p.AbstractSampleConsumer: class org.apache.jmeter.report.processor.graph.impl.TimeVSThreadGraphConsumer#stopProducing(): timeVsThreads produced 0 samples
2020-12-02 11:00:22,489 INFO o.a.j.r.p.AbstractSampleConsumer: class org.apache.jmeter.report.processor.graph.impl.ResponseTimeDistributionGraphConsumer#stopProducing(): responseTimeDistribution produced 0 samples
2020-12-02 11:00:22,489 INFO o.a.j.r.p.AbstractSampleConsumer: class org.apache.jmeter.report.processor.graph.impl.TransactionsPerSecondGraphConsumer#stopProducing(): transactionsPerSecond produced 0 samples
2020-12-02 11:00:22,490 INFO o.a.j.r.p.AbstractSampleConsumer: class org.apache.jmeter.report.processor.graph.impl.ResponseTimePercentilesGraphConsumer#stopProducing(): responseTimePercentiles produced 0 samples
2020-12-02 11:00:22,491 INFO o.a.j.r.p.AbstractSampleConsumer: class org.apache.jmeter.report.processor.graph.impl.ResponseTimePercentilesOverTimeGraphConsumer#stopProducing(): responseTimePercentilesOverTime produced 0 samples
2020-12-02 11:00:22,491 INFO o.a.j.r.p.AbstractSampleConsumer: class org.apache.jmeter.report.processor.graph.impl.ResponseTimeOverTimeGraphConsumer#stopProducing(): responseTimesOverTime produced 0 samples
2020-12-02 11:00:22,492 INFO o.a.j.r.p.AbstractSampleConsumer: class org.apache.jmeter.report.processor.graph.impl.ConnectTimeOverTimeGraphConsumer#stopProducing(): connectTimeOverTime produced 0 samples
2020-12-02 11:00:22,492 INFO o.a.j.r.p.AbstractSampleConsumer: class org.apache.jmeter.report.processor.graph.impl.LatencyOverTimeGraphConsumer#stopProducing(): latenciesOverTime produced 0 samples
2020-12-02 11:00:22,492 INFO o.a.j.r.p.AbstractSampleConsumer: class org.apache.jmeter.report.processor.FilterConsumer#stopProducing(): nameFilter produced 1500 samples
2020-12-02 11:00:22,492 INFO o.a.j.r.p.AbstractSampleConsumer: class org.apache.jmeter.report.processor.FilterConsumer#stopProducing(): dateRangeFilter produced 300 samples
2020-12-02 11:00:22,492 INFO o.a.j.r.p.AbstractSampleConsumer: class org.apache.jmeter.report.processor.NormalizerSampleConsumer#stopProducing(): normalizer produced 100 samples
2020-12-02 11:00:22,493 INFO o.a.j.r.p.CsvFileSampleSource: produce(): 100 samples produced in 162ms on channel 0
2020-12-02 11:00:22,493 INFO o.a.j.r.d.ReportGenerator: Exporting data using exporter:'json' of className:'org.apache.jmeter.report.dashboard.JsonExporter'
2020-12-02 11:00:22,496 INFO o.a.j.r.d.JsonExporter: Found data for consumer statisticsSummary in context
2020-12-02 11:00:22,496 INFO o.a.j.r.d.JsonExporter: Creating statistics for overall
2020-12-02 11:00:22,497 INFO o.a.j.r.d.JsonExporter: Creating statistics for other transactions
2020-12-02 11:00:22,498 INFO o.a.j.r.d.JsonExporter: Checking output folder
2020-12-02 11:00:22,499 INFO o.a.j.r.d.JsonExporter: Writing statistics JSON to /Users/fendyridwan/Documents/LUMOSHIVE/Project/LINKIT/Stress_Test/resultslypee100/statistics.json
2020-12-02 11:00:22,731 INFO o.a.j.r.d.ReportGenerator: Exporting data using exporter:'html' of className:'org.apache.jmeter.report.dashboard.HtmlTemplateExporter'
2020-12-02 11:00:22,734 INFO o.a.j.r.d.HtmlTemplateExporter: Will generate dashboard in folder: /Users/fendyridwan/Documents/LUMOSHIVE/Project/LINKIT/Stress_Test/resultslypee100
2020-12-02 11:00:22,844 INFO o.a.j.r.d.HtmlTemplateExporter: Report will be generated in: /Users/fendyridwan/Documents/LUMOSHIVE/Project/LINKIT/Stress_Test/resultslypee100, creating folder structure
2020-12-02 11:00:22,850 INFO o.a.j.r.d.TemplateVisitor: Copying folder from '/usr/local/Cellar/jmeter/5.2.1/libexec/bin/report-template' to '/Users/fendyridwan/Documents/LUMOSHIVE/Project/LINKIT/Stress_Test/resultslypee100', got message: /Users/fendyridwan/Documents/LUMOSHIVE/Project/LINKIT/Stress_Test/resultslypee100, found non empty folder with following content [/Users/fendyridwan/Documents/LUMOSHIVE/Project/LINKIT/Stress_Test/resultslypee100/statistics.json, /Users/fendyridwan/Documents/LUMOSHIVE/Project/LINKIT/Stress_Test/resultslypee100/resultslypee100.csv], will be ignored
2020-12-02 11:00:23,603 INFO o.a.j.JMeter: Dashboard generated
